<?xml version="1.0" encoding="UTF-8"?>
<testng-results skipped="0" failed="0" ignored="1" total="3" passed="2">
  <reporter-output>
  </reporter-output>
  <suite name="Default suite" duration-ms="29679" started-at="2023-08-07T05:55:12Z" finished-at="2023-08-07T05:55:42Z">
    <groups>
    </groups>
    <test name="Default test" duration-ms="29679" started-at="2023-08-07T05:55:12Z" finished-at="2023-08-07T05:55:42Z">
      <class name="com.usecase1.hcl.Test1">
        <test-method status="PASS" signature="inIt()[pri:0, instance:com.usecase1.hcl.Test1@ff5b51f]" name="inIt" is-config="true" duration-ms="12982" started-at="2023-08-07T11:25:12Z" finished-at="2023-08-07T11:25:25Z">
          <reporter-output>
          </reporter-output>
        </test-method> <!-- inIt -->
        <test-method status="PASS" signature="useCase1_countLinks_nameOfTheLinks()[pri:1, instance:com.usecase1.hcl.Test1@ff5b51f]" name="useCase1_countLinks_nameOfTheLinks" duration-ms="8570" started-at="2023-08-07T11:25:25Z" finished-at="2023-08-07T11:25:34Z">
          <reporter-output>
          </reporter-output>
        </test-method> <!-- useCase1_countLinks_nameOfTheLinks -->
        <test-method status="PASS" signature="dataEntry_ContactUS()[pri:3, instance:com.usecase1.hcl.Test1@ff5b51f]" name="dataEntry_ContactUS" duration-ms="6717" started-at="2023-08-07T11:25:34Z" finished-at="2023-08-07T11:25:40Z">
          <reporter-output>
          </reporter-output>
        </test-method> <!-- dataEntry_ContactUS -->
        <test-method status="PASS" signature="tearDown()[pri:0, instance:com.usecase1.hcl.Test1@ff5b51f]" name="tearDown" is-config="true" duration-ms="1373" started-at="2023-08-07T11:25:40Z" finished-at="2023-08-07T11:25:42Z">
          <reporter-output>
          </reporter-output>
        </test-method> <!-- tearDown -->
      </class> <!-- com.usecase1.hcl.Test1 -->
    </test> <!-- Default test -->
  </suite> <!-- Default suite -->
</testng-results>
