<?xml version="1.0" encoding="UTF-8"?>
<!-- Generated by org.testng.reporters.JUnitXMLReporter -->
<testsuite hostname="LP-5CG0471KR9" ignored="1" name="Default test" tests="2" failures="0" timestamp="07 Aug 2023 05:55:42 GMT" time="29.679" errors="0">
  <testcase name="useCase1_countLinks_nameOfTheLinks" time="8.57" classname="com.usecase1.hcl.Test1"/>
  <testcase name="dataEntry_ContactUS" time="6.717" classname="com.usecase1.hcl.Test1"/>
  <testcase name="useCase1_contactUsPage" time="0.0" classname="com.usecase1.hcl.Test1">
    <ignored/>
  </testcase> <!-- useCase1_contactUsPage -->
</testsuite> <!-- Default test -->
